<?xml version="1.0" encoding="UTF-8"?>
<!-- Generated by org.testng.reporters.JUnitXMLReporter -->
<testsuite ignored="0" hostname="DESKTOP-BBV2KCD" failures="1" tests="2" name="Test" time="9.836" errors="0" timestamp="2023-01-02T10:55:02 IST">
  <testcase classname="TC.TestCases" name="check" time="0.078">
    <failure type="java.lang.AssertionError" message="null">
      <![CDATA[java.lang.AssertionError: null
at TC.TestCases.check(TestCases.java:21)
at java.base/java.util.ArrayList.forEach(ArrayList.java:1511)
... Removed 29 stack frames]]>
    </failure>
  </testcase> <!-- check -->
  <testcase classname="TC.TestCases" name="tcLogin" time="0.731"/>
</testsuite> <!-- Test -->
