<?xml version="1.0" encoding="UTF-8"?>
<testng-results ignored="0" total="1" passed="1" failed="0" skipped="0">
  <reporter-output>
  </reporter-output>
  <suite started-at="2023-03-31T15:11:04 IST" name="Default suite" finished-at="2023-03-31T15:11:11 IST" duration-ms="6447">
    <groups>
    </groups>
    <test started-at="2023-03-31T15:11:04 IST" name="Default test" finished-at="2023-03-31T15:11:11 IST" duration-ms="6447">
      <class name="TC.InvoiceTC">
        <test-method is-config="true" signature="logIn()[pri:0, instance:TC.InvoiceTC@3277e499]" started-at="2023-03-31T15:11:04 IST" name="logIn" finished-at="2023-03-31T15:11:10 IST" duration-ms="6024" status="PASS">
          <reporter-output>
          </reporter-output>
        </test-method> <!-- logIn -->
        <test-method signature="testTitle()[pri:0, instance:TC.InvoiceTC@3277e499]" started-at="2023-03-31T15:11:10 IST" name="testTitle" finished-at="2023-03-31T15:11:10 IST" duration-ms="18" status="PASS">
          <reporter-output>
          </reporter-output>
        </test-method> <!-- testTitle -->
        <test-method is-config="true" signature="tearDown()[pri:0, instance:TC.InvoiceTC@3277e499]" started-at="2023-03-31T15:11:10 IST" name="tearDown" finished-at="2023-03-31T15:11:11 IST" duration-ms="345" status="PASS">
          <reporter-output>
          </reporter-output>
        </test-method> <!-- tearDown -->
      </class> <!-- TC.InvoiceTC -->
    </test> <!-- Default test -->
  </suite> <!-- Default suite -->
</testng-results>
